{"D:\\Software-Engineer\\my-blogs\\my-blogs\\blogRoutes.js": {"path":"D:\\Software-Engineer\\my-blogs\\my-blogs\\blogRoutes.js","statementMap":{"0":{"start":{"line":1,"column":16},"end":{"line":1,"column":34}},"1":{"start":{"line":2,"column":15},"end":{"line":2,"column":31}},"2":{"start":{"line":3,"column":15},"end":{"line":3,"column":34}},"3":{"start":{"line":14,"column":4},"end":{"line":14,"column":42}},"4":{"start":{"line":15,"column":21},"end":{"line":15,"column":57}},"5":{"start":{"line":16,"column":22},"end":{"line":16,"column":59}},"6":{"start":{"line":51,"column":0},"end":{"line":51,"column":63}},"7":{"start":{"line":82,"column":0},"end":{"line":82,"column":59}},"8":{"start":{"line":94,"column":0},"end":{"line":94,"column":31}},"9":{"start":{"line":115,"column":0},"end":{"line":115,"column":38}},"10":{"start":{"line":155,"column":0},"end":{"line":155,"column":68}},"11":{"start":{"line":180,"column":0},"end":{"line":180,"column":54}},"12":{"start":{"line":218,"column":0},"end":{"line":218,"column":69}},"13":{"start":{"line":239,"column":0},"end":{"line":239,"column":60}},"14":{"start":{"line":271,"column":0},"end":{"line":271,"column":55}},"15":{"start":{"line":273,"column":0},"end":{"line":273,"column":24}}},"fnMap":{},"branchMap":{},"s":{"0":2,"1":2,"2":2,"3":2,"4":2,"5":2,"6":2,"7":2,"8":2,"9":2,"10":2,"11":2,"12":2,"13":2,"14":2,"15":2},"f":{},"b":{},"_coverageSchema":"1a1c01bbd47fc00a2c39e90264f33305004495a9","hash":"10e815bb6cc3b7ad61757618e34a07872ea45f20"}
,"D:\\Software-Engineer\\my-blogs\\my-blogs\\cloudinary.js": {"path":"D:\\Software-Engineer\\my-blogs\\my-blogs\\cloudinary.js","statementMap":{"0":{"start":{"line":1,"column":19},"end":{"line":1,"column":43}},"1":{"start":{"line":2,"column":0},"end":{"line":2,"column":27}},"2":{"start":{"line":4,"column":0},"end":{"line":8,"column":3}},"3":{"start":{"line":10,"column":0},"end":{"line":10,"column":28}}},"fnMap":{},"branchMap":{},"s":{"0":2,"1":2,"2":2,"3":2},"f":{},"b":{},"_coverageSchema":"1a1c01bbd47fc00a2c39e90264f33305004495a9","hash":"68f6cf51f8a3c2b67d2bd0ec39eecc37a520024f"}
,"D:\\Software-Engineer\\my-blogs\\my-blogs\\index.js": {"path":"D:\\Software-Engineer\\my-blogs\\my-blogs\\index.js","statementMap":{"0":{"start":{"line":1,"column":17},"end":{"line":1,"column":36}},"1":{"start":{"line":2,"column":16},"end":{"line":2,"column":39}},"2":{"start":{"line":3,"column":16},"end":{"line":3,"column":39}},"3":{"start":{"line":4,"column":17},"end":{"line":4,"column":36}},"4":{"start":{"line":5,"column":16},"end":{"line":5,"column":34}},"5":{"start":{"line":6,"column":18},"end":{"line":6,"column":47}},"6":{"start":{"line":7,"column":21},"end":{"line":7,"column":45}},"7":{"start":{"line":8,"column":12},"end":{"line":8,"column":21}},"8":{"start":{"line":11,"column":23},"end":{"line":40,"column":1}},"9":{"start":{"line":42,"column":20},"end":{"line":42,"column":48}},"10":{"start":{"line":45,"column":0},"end":{"line":45,"column":24}},"11":{"start":{"line":46,"column":0},"end":{"line":46,"column":31}},"12":{"start":{"line":49,"column":0},"end":{"line":49,"column":25}},"13":{"start":{"line":50,"column":0},"end":{"line":50,"column":25}},"14":{"start":{"line":53,"column":0},"end":{"line":53,"column":68}},"15":{"start":{"line":56,"column":0},"end":{"line":65,"column":1}},"16":{"start":{"line":57,"column":4},"end":{"line":64,"column":73}},"17":{"start":{"line":59,"column":8},"end":{"line":62,"column":11}},"18":{"start":{"line":60,"column":12},"end":{"line":60,"column":60}},"19":{"start":{"line":61,"column":12},"end":{"line":61,"column":88}},"20":{"start":{"line":64,"column":18},"end":{"line":64,"column":71}},"21":{"start":{"line":67,"column":0},"end":{"line":67,"column":21}}},"fnMap":{"0":{"name":"(anonymous_0)","decl":{"start":{"line":58,"column":10},"end":{"line":58,"column":11}},"loc":{"start":{"line":58,"column":16},"end":{"line":63,"column":5}},"line":58},"1":{"name":"(anonymous_1)","decl":{"start":{"line":59,"column":25},"end":{"line":59,"column":26}},"loc":{"start":{"line":59,"column":31},"end":{"line":62,"column":9}},"line":59},"2":{"name":"(anonymous_2)","decl":{"start":{"line":64,"column":11},"end":{"line":64,"column":12}},"loc":{"start":{"line":64,"column":18},"end":{"line":64,"column":71}},"line":64}},"branchMap":{"0":{"loc":{"start":{"line":56,"column":0},"end":{"line":65,"column":1}},"type":"if","locations":[{"start":{"line":56,"column":0},"end":{"line":65,"column":1}},{"start":{},"end":{}}],"line":56}},"s":{"0":2,"1":2,"2":2,"3":2,"4":2,"5":2,"6":2,"7":2,"8":2,"9":2,"10":2,"11":2,"12":2,"13":2,"14":2,"15":2,"16":0,"17":0,"18":0,"19":0,"20":0,"21":2},"f":{"0":0,"1":0,"2":0},"b":{"0":[0,2]},"_coverageSchema":"1a1c01bbd47fc00a2c39e90264f33305004495a9","hash":"2fe4ce33db4ff4df3259e8cd3b3707580f5c527c"}
,"D:\\Software-Engineer\\my-blogs\\my-blogs\\multer.js": {"path":"D:\\Software-Engineer\\my-blogs\\my-blogs\\multer.js","statementMap":{"0":{"start":{"line":1,"column":15},"end":{"line":1,"column":32}},"1":{"start":{"line":2,"column":13},"end":{"line":2,"column":28}},"2":{"start":{"line":4,"column":16},"end":{"line":11,"column":2}},"3":{"start":{"line":6,"column":4},"end":{"line":6,"column":59}},"4":{"start":{"line":9,"column":4},"end":{"line":9,"column":69}},"5":{"start":{"line":13,"column":15},"end":{"line":15,"column":20}},"6":{"start":{"line":20,"column":0},"end":{"line":20,"column":24}}},"fnMap":{"0":{"name":"(anonymous_0)","decl":{"start":{"line":5,"column":15},"end":{"line":5,"column":16}},"loc":{"start":{"line":5,"column":34},"end":{"line":7,"column":3}},"line":5},"1":{"name":"(anonymous_1)","decl":{"start":{"line":8,"column":12},"end":{"line":8,"column":13}},"loc":{"start":{"line":8,"column":31},"end":{"line":10,"column":3}},"line":8}},"branchMap":{},"s":{"0":2,"1":2,"2":2,"3":0,"4":0,"5":2,"6":2},"f":{"0":0,"1":0},"b":{},"_coverageSchema":"1a1c01bbd47fc00a2c39e90264f33305004495a9","hash":"42bde50f5b98abe7761ad8e7537a9c7bfeca0191"}
,"D:\\Software-Engineer\\my-blogs\\my-blogs\\userRoutes.js": {"path":"D:\\Software-Engineer\\my-blogs\\my-blogs\\userRoutes.js","statementMap":{"0":{"start":{"line":1,"column":16},"end":{"line":1,"column":34}},"1":{"start":{"line":2,"column":15},"end":{"line":2,"column":31}},"2":{"start":{"line":3,"column":34},"end":{"line":3,"column":72}},"3":{"start":{"line":33,"column":0},"end":{"line":33,"column":34}},"4":{"start":{"line":65,"column":0},"end":{"line":65,"column":37}},"5":{"start":{"line":67,"column":0},"end":{"line":67,"column":24}}},"fnMap":{},"branchMap":{},"s":{"0":2,"1":2,"2":2,"3":2,"4":2,"5":2},"f":{},"b":{},"_coverageSchema":"1a1c01bbd47fc00a2c39e90264f33305004495a9","hash":"026314a8432f4d056718873b0a9d6f590cbb967d"}
,"D:\\Software-Engineer\\my-blogs\\my-blogs\\Models\\Blogs.js": {"path":"D:\\Software-Engineer\\my-blogs\\my-blogs\\Models\\Blogs.js","statementMap":{"0":{"start":{"line":1,"column":17},"end":{"line":1,"column":36}},"1":{"start":{"line":3,"column":19},"end":{"line":23,"column":2}},"2":{"start":{"line":25,"column":0},"end":{"line":25,"column":52}}},"fnMap":{},"branchMap":{},"s":{"0":2,"1":2,"2":2},"f":{},"b":{},"_coverageSchema":"1a1c01bbd47fc00a2c39e90264f33305004495a9","hash":"79e10b60359ebf1cf8bb18fd2bd8c49c84605f7c"}
,"D:\\Software-Engineer\\my-blogs\\my-blogs\\Models\\Coments.js": {"path":"D:\\Software-Engineer\\my-blogs\\my-blogs\\Models\\Coments.js","statementMap":{"0":{"start":{"line":1,"column":17},"end":{"line":1,"column":36}},"1":{"start":{"line":3,"column":26},"end":{"line":24,"column":2}},"2":{"start":{"line":26,"column":0},"end":{"line":26,"column":66}}},"fnMap":{},"branchMap":{},"s":{"0":2,"1":2,"2":2},"f":{},"b":{},"_coverageSchema":"1a1c01bbd47fc00a2c39e90264f33305004495a9","hash":"58b02399e6266a3635f2de08f51ed82fc4b8b0d1"}
,"D:\\Software-Engineer\\my-blogs\\my-blogs\\Models\\User.js": {"path":"D:\\Software-Engineer\\my-blogs\\my-blogs\\Models\\User.js","statementMap":{"0":{"start":{"line":1,"column":17},"end":{"line":1,"column":36}},"1":{"start":{"line":2,"column":15},"end":{"line":2,"column":34}},"2":{"start":{"line":3,"column":25},"end":{"line":3,"column":27}},"3":{"start":{"line":5,"column":19},"end":{"line":15,"column":2}},"4":{"start":{"line":17,"column":0},"end":{"line":30,"column":3}},"5":{"start":{"line":18,"column":2},"end":{"line":18,"column":50}},"6":{"start":{"line":18,"column":36},"end":{"line":18,"column":50}},"7":{"start":{"line":20,"column":2},"end":{"line":29,"column":5}},"8":{"start":{"line":21,"column":4},"end":{"line":21,"column":30}},"9":{"start":{"line":21,"column":13},"end":{"line":21,"column":30}},"10":{"start":{"line":23,"column":4},"end":{"line":28,"column":7}},"11":{"start":{"line":24,"column":6},"end":{"line":24,"column":32}},"12":{"start":{"line":24,"column":15},"end":{"line":24,"column":32}},"13":{"start":{"line":26,"column":6},"end":{"line":26,"column":27}},"14":{"start":{"line":27,"column":6},"end":{"line":27,"column":13}},"15":{"start":{"line":32,"column":0},"end":{"line":32,"column":52}}},"fnMap":{"0":{"name":"(anonymous_0)","decl":{"start":{"line":17,"column":23},"end":{"line":17,"column":24}},"loc":{"start":{"line":17,"column":39},"end":{"line":30,"column":1}},"line":17},"1":{"name":"(anonymous_1)","decl":{"start":{"line":20,"column":35},"end":{"line":20,"column":36}},"loc":{"start":{"line":20,"column":50},"end":{"line":29,"column":3}},"line":20},"2":{"name":"(anonymous_2)","decl":{"start":{"line":23,"column":37},"end":{"line":23,"column":38}},"loc":{"start":{"line":23,"column":52},"end":{"line":28,"column":5}},"line":23}},"branchMap":{"0":{"loc":{"start":{"line":18,"column":2},"end":{"line":18,"column":50}},"type":"if","locations":[{"start":{"line":18,"column":2},"end":{"line":18,"column":50}},{"start":{},"end":{}}],"line":18},"1":{"loc":{"start":{"line":21,"column":4},"end":{"line":21,"column":30}},"type":"if","locations":[{"start":{"line":21,"column":4},"end":{"line":21,"column":30}},{"start":{},"end":{}}],"line":21},"2":{"loc":{"start":{"line":24,"column":6},"end":{"line":24,"column":32}},"type":"if","locations":[{"start":{"line":24,"column":6},"end":{"line":24,"column":32}},{"start":{},"end":{}}],"line":24}},"s":{"0":2,"1":2,"2":2,"3":2,"4":2,"5":0,"6":0,"7":0,"8":0,"9":0,"10":0,"11":0,"12":0,"13":0,"14":0,"15":2},"f":{"0":0,"1":0,"2":0},"b":{"0":[0,0],"1":[0,0],"2":[0,0]},"_coverageSchema":"1a1c01bbd47fc00a2c39e90264f33305004495a9","hash":"41ae3c8b61f5eef2b38b253b09303099f7afed45"}
,"D:\\Software-Engineer\\my-blogs\\my-blogs\\controller\\BlogController.js": {"path":"D:\\Software-Engineer\\my-blogs\\my-blogs\\controller\\BlogController.js","statementMap":{"0":{"start":{"line":1,"column":13},"end":{"line":1,"column":39}},"1":{"start":{"line":2,"column":17},"end":{"line":2,"column":45}},"2":{"start":{"line":3,"column":19},"end":{"line":3,"column":43}},"3":{"start":{"line":4,"column":11},"end":{"line":4,"column":33}},"4":{"start":{"line":5,"column":12},"end":{"line":5,"column":35}},"5":{"start":{"line":6,"column":12},"end":{"line":6,"column":26}},"6":{"start":{"line":7,"column":15},"end":{"line":11,"column":2}},"7":{"start":{"line":16,"column":0},"end":{"line":29,"column":2}},"8":{"start":{"line":17,"column":4},"end":{"line":28,"column":5}},"9":{"start":{"line":18,"column":26},"end":{"line":18,"column":51}},"10":{"start":{"line":19,"column":8},"end":{"line":19,"column":84}},"11":{"start":{"line":19,"column":19},"end":{"line":19,"column":84}},"12":{"start":{"line":21,"column":43},"end":{"line":21,"column":51}},"13":{"start":{"line":22,"column":21},"end":{"line":22,"column":57}},"14":{"start":{"line":23,"column":8},"end":{"line":23,"column":26}},"15":{"start":{"line":24,"column":8},"end":{"line":24,"column":35}},"16":{"start":{"line":26,"column":8},"end":{"line":26,"column":29}},"17":{"start":{"line":27,"column":8},"end":{"line":27,"column":63}},"18":{"start":{"line":32,"column":0},"end":{"line":63,"column":4}},"19":{"start":{"line":33,"column":4},"end":{"line":35,"column":5}},"20":{"start":{"line":34,"column":6},"end":{"line":34,"column":69}},"21":{"start":{"line":37,"column":4},"end":{"line":62,"column":5}},"22":{"start":{"line":38,"column":21},"end":{"line":40,"column":8}},"23":{"start":{"line":42,"column":19},"end":{"line":42,"column":53}},"24":{"start":{"line":44,"column":6},"end":{"line":46,"column":7}},"25":{"start":{"line":45,"column":8},"end":{"line":45,"column":67}},"26":{"start":{"line":48,"column":6},"end":{"line":48,"column":37}},"27":{"start":{"line":49,"column":6},"end":{"line":49,"column":40}},"28":{"start":{"line":50,"column":6},"end":{"line":50,"column":24}},"29":{"start":{"line":52,"column":6},"end":{"line":52,"column":37}},"30":{"start":{"line":54,"column":6},"end":{"line":58,"column":9}},"31":{"start":{"line":60,"column":6},"end":{"line":60,"column":27}},"32":{"start":{"line":61,"column":6},"end":{"line":61,"column":63}},"33":{"start":{"line":65,"column":0},"end":{"line":72,"column":2}},"34":{"start":{"line":66,"column":4},"end":{"line":71,"column":5}},"35":{"start":{"line":67,"column":22},"end":{"line":67,"column":39}},"36":{"start":{"line":68,"column":8},"end":{"line":68,"column":24}},"37":{"start":{"line":70,"column":8},"end":{"line":70,"column":64}},"38":{"start":{"line":74,"column":0},"end":{"line":82,"column":2}},"39":{"start":{"line":75,"column":4},"end":{"line":81,"column":5}},"40":{"start":{"line":76,"column":21},"end":{"line":76,"column":55}},"41":{"start":{"line":77,"column":8},"end":{"line":77,"column":76}},"42":{"start":{"line":77,"column":19},"end":{"line":77,"column":76}},"43":{"start":{"line":78,"column":8},"end":{"line":78,"column":23}},"44":{"start":{"line":80,"column":8},"end":{"line":80,"column":63}},"45":{"start":{"line":84,"column":0},"end":{"line":97,"column":2}},"46":{"start":{"line":85,"column":4},"end":{"line":96,"column":5}},"47":{"start":{"line":86,"column":21},"end":{"line":86,"column":55}},"48":{"start":{"line":87,"column":8},"end":{"line":87,"column":76}},"49":{"start":{"line":87,"column":19},"end":{"line":87,"column":76}},"50":{"start":{"line":89,"column":8},"end":{"line":89,"column":56}},"51":{"start":{"line":89,"column":28},"end":{"line":89,"column":56}},"52":{"start":{"line":90,"column":8},"end":{"line":90,"column":62}},"53":{"start":{"line":90,"column":30},"end":{"line":90,"column":62}},"54":{"start":{"line":92,"column":8},"end":{"line":92,"column":26}},"55":{"start":{"line":93,"column":8},"end":{"line":93,"column":23}},"56":{"start":{"line":95,"column":8},"end":{"line":95,"column":63}},"57":{"start":{"line":99,"column":0},"end":{"line":107,"column":2}},"58":{"start":{"line":100,"column":4},"end":{"line":106,"column":5}},"59":{"start":{"line":101,"column":23},"end":{"line":101,"column":66}},"60":{"start":{"line":102,"column":8},"end":{"line":102,"column":78}},"61":{"start":{"line":102,"column":21},"end":{"line":102,"column":78}},"62":{"start":{"line":103,"column":8},"end":{"line":103,"column":31}},"63":{"start":{"line":105,"column":8},"end":{"line":105,"column":63}},"64":{"start":{"line":109,"column":0},"end":{"line":129,"column":2}},"65":{"start":{"line":110,"column":4},"end":{"line":128,"column":5}},"66":{"start":{"line":111,"column":22},"end":{"line":111,"column":65}},"67":{"start":{"line":112,"column":8},"end":{"line":112,"column":80}},"68":{"start":{"line":112,"column":20},"end":{"line":112,"column":80}},"69":{"start":{"line":114,"column":24},"end":{"line":114,"column":59}},"70":{"start":{"line":115,"column":23},"end":{"line":115,"column":33}},"71":{"start":{"line":117,"column":24},"end":{"line":122,"column":10}},"72":{"start":{"line":124,"column":8},"end":{"line":124,"column":29}},"73":{"start":{"line":125,"column":8},"end":{"line":125,"column":38}},"74":{"start":{"line":127,"column":8},"end":{"line":127,"column":64}},"75":{"start":{"line":131,"column":0},"end":{"line":161,"column":2}},"76":{"start":{"line":132,"column":4},"end":{"line":160,"column":5}},"77":{"start":{"line":133,"column":22},"end":{"line":133,"column":65}},"78":{"start":{"line":134,"column":8},"end":{"line":134,"column":80}},"79":{"start":{"line":134,"column":20},"end":{"line":134,"column":80}},"80":{"start":{"line":136,"column":24},"end":{"line":136,"column":59}},"81":{"start":{"line":137,"column":23},"end":{"line":137,"column":33}},"82":{"start":{"line":139,"column":31},"end":{"line":139,"column":41}},"83":{"start":{"line":140,"column":25},"end":{"line":140,"column":33}},"84":{"start":{"line":143,"column":8},"end":{"line":145,"column":9}},"85":{"start":{"line":144,"column":12},"end":{"line":144,"column":73}},"86":{"start":{"line":148,"column":24},"end":{"line":152,"column":9}},"87":{"start":{"line":154,"column":8},"end":{"line":154,"column":100}},"88":{"start":{"line":154,"column":22},"end":{"line":154,"column":100}},"89":{"start":{"line":156,"column":8},"end":{"line":156,"column":26}},"90":{"start":{"line":158,"column":8},"end":{"line":158,"column":29}},"91":{"start":{"line":159,"column":8},"end":{"line":159,"column":63}},"92":{"start":{"line":167,"column":0},"end":{"line":175,"column":2}},"93":{"start":{"line":168,"column":4},"end":{"line":174,"column":5}},"94":{"start":{"line":169,"column":25},"end":{"line":169,"column":106}},"95":{"start":{"line":170,"column":8},"end":{"line":170,"column":122}},"96":{"start":{"line":170,"column":48},"end":{"line":170,"column":122}},"97":{"start":{"line":171,"column":8},"end":{"line":171,"column":27}},"98":{"start":{"line":173,"column":8},"end":{"line":173,"column":69}}},"fnMap":{"0":{"name":"(anonymous_0)","decl":{"start":{"line":16,"column":21},"end":{"line":16,"column":22}},"loc":{"start":{"line":16,"column":41},"end":{"line":29,"column":1}},"line":16},"1":{"name":"(anonymous_1)","decl":{"start":{"line":32,"column":28},"end":{"line":32,"column":29}},"loc":{"start":{"line":32,"column":48},"end":{"line":63,"column":3}},"line":32},"2":{"name":"(anonymous_2)","decl":{"start":{"line":65,"column":19},"end":{"line":65,"column":20}},"loc":{"start":{"line":65,"column":39},"end":{"line":72,"column":1}},"line":65},"3":{"name":"(anonymous_3)","decl":{"start":{"line":74,"column":22},"end":{"line":74,"column":23}},"loc":{"start":{"line":74,"column":42},"end":{"line":82,"column":1}},"line":74},"4":{"name":"(anonymous_4)","decl":{"start":{"line":84,"column":21},"end":{"line":84,"column":22}},"loc":{"start":{"line":84,"column":41},"end":{"line":97,"column":1}},"line":84},"5":{"name":"(anonymous_5)","decl":{"start":{"line":99,"column":21},"end":{"line":99,"column":22}},"loc":{"start":{"line":99,"column":41},"end":{"line":107,"column":1}},"line":99},"6":{"name":"(anonymous_6)","decl":{"start":{"line":109,"column":24},"end":{"line":109,"column":25}},"loc":{"start":{"line":109,"column":44},"end":{"line":129,"column":1}},"line":109},"7":{"name":"(anonymous_7)","decl":{"start":{"line":131,"column":21},"end":{"line":131,"column":22}},"loc":{"start":{"line":131,"column":41},"end":{"line":161,"column":1}},"line":131},"8":{"name":"(anonymous_8)","decl":{"start":{"line":167,"column":30},"end":{"line":167,"column":31}},"loc":{"start":{"line":167,"column":50},"end":{"line":175,"column":1}},"line":167}},"branchMap":{"0":{"loc":{"start":{"line":19,"column":8},"end":{"line":19,"column":84}},"type":"if","locations":[{"start":{"line":19,"column":8},"end":{"line":19,"column":84}},{"start":{},"end":{}}],"line":19},"1":{"loc":{"start":{"line":33,"column":4},"end":{"line":35,"column":5}},"type":"if","locations":[{"start":{"line":33,"column":4},"end":{"line":35,"column":5}},{"start":{},"end":{}}],"line":33},"2":{"loc":{"start":{"line":44,"column":6},"end":{"line":46,"column":7}},"type":"if","locations":[{"start":{"line":44,"column":6},"end":{"line":46,"column":7}},{"start":{},"end":{}}],"line":44},"3":{"loc":{"start":{"line":77,"column":8},"end":{"line":77,"column":76}},"type":"if","locations":[{"start":{"line":77,"column":8},"end":{"line":77,"column":76}},{"start":{},"end":{}}],"line":77},"4":{"loc":{"start":{"line":87,"column":8},"end":{"line":87,"column":76}},"type":"if","locations":[{"start":{"line":87,"column":8},"end":{"line":87,"column":76}},{"start":{},"end":{}}],"line":87},"5":{"loc":{"start":{"line":89,"column":8},"end":{"line":89,"column":56}},"type":"if","locations":[{"start":{"line":89,"column":8},"end":{"line":89,"column":56}},{"start":{},"end":{}}],"line":89},"6":{"loc":{"start":{"line":90,"column":8},"end":{"line":90,"column":62}},"type":"if","locations":[{"start":{"line":90,"column":8},"end":{"line":90,"column":62}},{"start":{},"end":{}}],"line":90},"7":{"loc":{"start":{"line":102,"column":8},"end":{"line":102,"column":78}},"type":"if","locations":[{"start":{"line":102,"column":8},"end":{"line":102,"column":78}},{"start":{},"end":{}}],"line":102},"8":{"loc":{"start":{"line":112,"column":8},"end":{"line":112,"column":80}},"type":"if","locations":[{"start":{"line":112,"column":8},"end":{"line":112,"column":80}},{"start":{},"end":{}}],"line":112},"9":{"loc":{"start":{"line":118,"column":18},"end":{"line":118,"column":36}},"type":"binary-expr","locations":[{"start":{"line":118,"column":18},"end":{"line":118,"column":31}},{"start":{"line":118,"column":35},"end":{"line":118,"column":36}}],"line":118},"10":{"loc":{"start":{"line":134,"column":8},"end":{"line":134,"column":80}},"type":"if","locations":[{"start":{"line":134,"column":8},"end":{"line":134,"column":80}},{"start":{},"end":{}}],"line":134},"11":{"loc":{"start":{"line":143,"column":8},"end":{"line":145,"column":9}},"type":"if","locations":[{"start":{"line":143,"column":8},"end":{"line":145,"column":9}},{"start":{},"end":{}}],"line":143},"12":{"loc":{"start":{"line":143,"column":12},"end":{"line":143,"column":48}},"type":"binary-expr","locations":[{"start":{"line":143,"column":12},"end":{"line":143,"column":36}},{"start":{"line":143,"column":40},"end":{"line":143,"column":48}}],"line":143},"13":{"loc":{"start":{"line":154,"column":8},"end":{"line":154,"column":100}},"type":"if","locations":[{"start":{"line":154,"column":8},"end":{"line":154,"column":100}},{"start":{},"end":{}}],"line":154},"14":{"loc":{"start":{"line":170,"column":8},"end":{"line":170,"column":122}},"type":"if","locations":[{"start":{"line":170,"column":8},"end":{"line":170,"column":122}},{"start":{},"end":{}}],"line":170},"15":{"loc":{"start":{"line":170,"column":12},"end":{"line":170,"column":46}},"type":"binary-expr","locations":[{"start":{"line":170,"column":12},"end":{"line":170,"column":21}},{"start":{"line":170,"column":25},"end":{"line":170,"column":46}}],"line":170}},"s":{"0":2,"1":2,"2":2,"3":2,"4":2,"5":2,"6":2,"7":2,"8":0,"9":0,"10":0,"11":0,"12":0,"13":0,"14":0,"15":0,"16":0,"17":0,"18":2,"19":0,"20":0,"21":0,"22":0,"23":0,"24":0,"25":0,"26":0,"27":0,"28":0,"29":0,"30":0,"31":0,"32":0,"33":2,"34":0,"35":0,"36":0,"37":0,"38":2,"39":0,"40":0,"41":0,"42":0,"43":0,"44":0,"45":2,"46":0,"47":0,"48":0,"49":0,"50":0,"51":0,"52":0,"53":0,"54":0,"55":0,"56":0,"57":2,"58":0,"59":0,"60":0,"61":0,"62":0,"63":0,"64":2,"65":0,"66":0,"67":0,"68":0,"69":0,"70":0,"71":0,"72":0,"73":0,"74":0,"75":2,"76":0,"77":0,"78":0,"79":0,"80":0,"81":0,"82":0,"83":0,"84":0,"85":0,"86":0,"87":0,"88":0,"89":0,"90":0,"91":0,"92":2,"93":0,"94":0,"95":0,"96":0,"97":0,"98":0},"f":{"0":0,"1":0,"2":0,"3":0,"4":0,"5":0,"6":0,"7":0,"8":0},"b":{"0":[0,0],"1":[0,0],"2":[0,0],"3":[0,0],"4":[0,0],"5":[0,0],"6":[0,0],"7":[0,0],"8":[0,0],"9":[0,0],"10":[0,0],"11":[0,0],"12":[0,0],"13":[0,0],"14":[0,0],"15":[0,0]},"_coverageSchema":"1a1c01bbd47fc00a2c39e90264f33305004495a9","hash":"8e744473a37f40707c16ac770c014afcd7051a4f"}
,"D:\\Software-Engineer\\my-blogs\\my-blogs\\controller\\userController.js": {"path":"D:\\Software-Engineer\\my-blogs\\my-blogs\\controller\\userController.js","statementMap":{"0":{"start":{"line":1,"column":13},"end":{"line":1,"column":38}},"1":{"start":{"line":2,"column":15},"end":{"line":2,"column":34}},"2":{"start":{"line":3,"column":12},"end":{"line":3,"column":35}},"3":{"start":{"line":4,"column":18},"end":{"line":4,"column":34}},"4":{"start":{"line":7,"column":12},"end":{"line":7,"column":26}},"5":{"start":{"line":8,"column":15},"end":{"line":11,"column":2}},"6":{"start":{"line":13,"column":0},"end":{"line":28,"column":2}},"7":{"start":{"line":14,"column":4},"end":{"line":27,"column":5}},"8":{"start":{"line":15,"column":26},"end":{"line":15,"column":51}},"9":{"start":{"line":16,"column":8},"end":{"line":16,"column":84}},"10":{"start":{"line":16,"column":19},"end":{"line":16,"column":84}},"11":{"start":{"line":18,"column":21},"end":{"line":21,"column":10}},"12":{"start":{"line":23,"column":8},"end":{"line":23,"column":26}},"13":{"start":{"line":24,"column":8},"end":{"line":24,"column":35}},"14":{"start":{"line":26,"column":8},"end":{"line":26,"column":63}},"15":{"start":{"line":30,"column":0},"end":{"line":58,"column":2}},"16":{"start":{"line":31,"column":4},"end":{"line":57,"column":5}},"17":{"start":{"line":32,"column":36},"end":{"line":32,"column":44}},"18":{"start":{"line":34,"column":8},"end":{"line":36,"column":9}},"19":{"start":{"line":35,"column":12},"end":{"line":35,"column":86}},"20":{"start":{"line":38,"column":21},"end":{"line":38,"column":50}},"21":{"start":{"line":40,"column":8},"end":{"line":42,"column":9}},"22":{"start":{"line":41,"column":12},"end":{"line":41,"column":69}},"23":{"start":{"line":44,"column":24},"end":{"line":44,"column":69}},"24":{"start":{"line":46,"column":8},"end":{"line":48,"column":9}},"25":{"start":{"line":47,"column":12},"end":{"line":47,"column":74}},"26":{"start":{"line":50,"column":24},"end":{"line":50,"column":65}},"27":{"start":{"line":51,"column":22},"end":{"line":51,"column":72}},"28":{"start":{"line":53,"column":8},"end":{"line":53,"column":47}},"29":{"start":{"line":55,"column":8},"end":{"line":55,"column":50}},"30":{"start":{"line":56,"column":8},"end":{"line":56,"column":60}}},"fnMap":{"0":{"name":"(anonymous_0)","decl":{"start":{"line":13,"column":21},"end":{"line":13,"column":22}},"loc":{"start":{"line":13,"column":41},"end":{"line":28,"column":1}},"line":13},"1":{"name":"(anonymous_1)","decl":{"start":{"line":30,"column":20},"end":{"line":30,"column":21}},"loc":{"start":{"line":30,"column":40},"end":{"line":58,"column":1}},"line":30}},"branchMap":{"0":{"loc":{"start":{"line":16,"column":8},"end":{"line":16,"column":84}},"type":"if","locations":[{"start":{"line":16,"column":8},"end":{"line":16,"column":84}},{"start":{},"end":{}}],"line":16},"1":{"loc":{"start":{"line":34,"column":8},"end":{"line":36,"column":9}},"type":"if","locations":[{"start":{"line":34,"column":8},"end":{"line":36,"column":9}},{"start":{},"end":{}}],"line":34},"2":{"loc":{"start":{"line":34,"column":12},"end":{"line":34,"column":31}},"type":"binary-expr","locations":[{"start":{"line":34,"column":12},"end":{"line":34,"column":18}},{"start":{"line":34,"column":22},"end":{"line":34,"column":31}}],"line":34},"3":{"loc":{"start":{"line":40,"column":8},"end":{"line":42,"column":9}},"type":"if","locations":[{"start":{"line":40,"column":8},"end":{"line":42,"column":9}},{"start":{},"end":{}}],"line":40},"4":{"loc":{"start":{"line":46,"column":8},"end":{"line":48,"column":9}},"type":"if","locations":[{"start":{"line":46,"column":8},"end":{"line":48,"column":9}},{"start":{},"end":{}}],"line":46}},"s":{"0":2,"1":2,"2":2,"3":2,"4":2,"5":2,"6":2,"7":0,"8":0,"9":0,"10":0,"11":0,"12":0,"13":0,"14":0,"15":2,"16":0,"17":0,"18":0,"19":0,"20":0,"21":0,"22":0,"23":0,"24":0,"25":0,"26":0,"27":0,"28":0,"29":0,"30":0},"f":{"0":0,"1":0},"b":{"0":[0,0],"1":[0,0],"2":[0,0],"3":[0,0],"4":[0,0]},"_coverageSchema":"1a1c01bbd47fc00a2c39e90264f33305004495a9","hash":"5ab7b3a569f258908978eb7f98584100eb06c5eb"}
,"D:\\Software-Engineer\\my-blogs\\my-blogs\\middleware\\validateAuth.js": {"path":"D:\\Software-Engineer\\my-blogs\\my-blogs\\middleware\\validateAuth.js","statementMap":{"0":{"start":{"line":1,"column":12},"end":{"line":1,"column":35}},"1":{"start":{"line":3,"column":0},"end":{"line":14,"column":2}},"2":{"start":{"line":4,"column":18},"end":{"line":4,"column":61}},"3":{"start":{"line":5,"column":4},"end":{"line":5,"column":76}},"4":{"start":{"line":5,"column":16},"end":{"line":5,"column":76}},"5":{"start":{"line":7,"column":4},"end":{"line":13,"column":5}},"6":{"start":{"line":8,"column":24},"end":{"line":8,"column":59}},"7":{"start":{"line":9,"column":8},"end":{"line":9,"column":32}},"8":{"start":{"line":10,"column":8},"end":{"line":10,"column":15}},"9":{"start":{"line":12,"column":8},"end":{"line":12,"column":57}}},"fnMap":{"0":{"name":"(anonymous_0)","decl":{"start":{"line":3,"column":17},"end":{"line":3,"column":18}},"loc":{"start":{"line":3,"column":37},"end":{"line":14,"column":1}},"line":3}},"branchMap":{"0":{"loc":{"start":{"line":5,"column":4},"end":{"line":5,"column":76}},"type":"if","locations":[{"start":{"line":5,"column":4},"end":{"line":5,"column":76}},{"start":{},"end":{}}],"line":5}},"s":{"0":2,"1":2,"2":0,"3":0,"4":0,"5":0,"6":0,"7":0,"8":0,"9":0},"f":{"0":0},"b":{"0":[0,0]},"_coverageSchema":"1a1c01bbd47fc00a2c39e90264f33305004495a9","hash":"69c690ba6beff0cfa482aaeee9913c6dc0566c75"}
,"D:\\Software-Engineer\\my-blogs\\my-blogs\\middleware\\validateInput.js": {"path":"D:\\Software-Engineer\\my-blogs\\my-blogs\\middleware\\validateInput.js","statementMap":{"0":{"start":{"line":1,"column":12},"end":{"line":1,"column":26}},"1":{"start":{"line":3,"column":19},"end":{"line":7,"column":2}},"2":{"start":{"line":9,"column":0},"end":{"line":13,"column":2}},"3":{"start":{"line":10,"column":22},"end":{"line":10,"column":51}},"4":{"start":{"line":11,"column":4},"end":{"line":11,"column":80}},"5":{"start":{"line":11,"column":15},"end":{"line":11,"column":80}},"6":{"start":{"line":12,"column":4},"end":{"line":12,"column":11}}},"fnMap":{"0":{"name":"(anonymous_0)","decl":{"start":{"line":9,"column":17},"end":{"line":9,"column":18}},"loc":{"start":{"line":9,"column":37},"end":{"line":13,"column":1}},"line":9}},"branchMap":{"0":{"loc":{"start":{"line":11,"column":4},"end":{"line":11,"column":80}},"type":"if","locations":[{"start":{"line":11,"column":4},"end":{"line":11,"column":80}},{"start":{},"end":{}}],"line":11}},"s":{"0":2,"1":2,"2":2,"3":0,"4":0,"5":0,"6":0},"f":{"0":0},"b":{"0":[0,0]},"_coverageSchema":"1a1c01bbd47fc00a2c39e90264f33305004495a9","hash":"1bb4ed3e22abcbcdbdd6a93abaeba1e94bc713ad"}
}
