{"D:\\Software-Engineer\\my-blogs\\blogRoutes.js": {"path":"D:\\Software-Engineer\\my-blogs\\blogRoutes.js","statementMap":{"0":{"start":{"line":3,"column":16},"end":{"line":3,"column":34}},"1":{"start":{"line":4,"column":15},"end":{"line":4,"column":31}},"2":{"start":{"line":5,"column":15},"end":{"line":5,"column":34}},"3":{"start":{"line":16,"column":4},"end":{"line":16,"column":42}},"4":{"start":{"line":17,"column":21},"end":{"line":17,"column":57}},"5":{"start":{"line":18,"column":22},"end":{"line":18,"column":59}},"6":{"start":{"line":53,"column":0},"end":{"line":53,"column":63}},"7":{"start":{"line":84,"column":0},"end":{"line":84,"column":59}},"8":{"start":{"line":96,"column":0},"end":{"line":96,"column":31}},"9":{"start":{"line":117,"column":0},"end":{"line":117,"column":38}},"10":{"start":{"line":157,"column":0},"end":{"line":157,"column":68}},"11":{"start":{"line":182,"column":0},"end":{"line":182,"column":54}},"12":{"start":{"line":220,"column":0},"end":{"line":220,"column":69}},"13":{"start":{"line":241,"column":0},"end":{"line":241,"column":60}},"14":{"start":{"line":273,"column":0},"end":{"line":273,"column":55}},"15":{"start":{"line":275,"column":0},"end":{"line":275,"column":24}}},"fnMap":{},"branchMap":{},"s":{"0":2,"1":2,"2":2,"3":2,"4":2,"5":2,"6":2,"7":2,"8":2,"9":2,"10":2,"11":2,"12":2,"13":2,"14":2,"15":2},"f":{},"b":{},"_coverageSchema":"1a1c01bbd47fc00a2c39e90264f33305004495a9","hash":"611404875d9050888df7c330917d468ef1d4f45e"}
,"D:\\Software-Engineer\\my-blogs\\cloudinary.js": {"path":"D:\\Software-Engineer\\my-blogs\\cloudinary.js","statementMap":{"0":{"start":{"line":1,"column":19},"end":{"line":1,"column":43}},"1":{"start":{"line":2,"column":0},"end":{"line":2,"column":27}},"2":{"start":{"line":4,"column":0},"end":{"line":8,"column":3}},"3":{"start":{"line":10,"column":0},"end":{"line":10,"column":28}}},"fnMap":{},"branchMap":{},"s":{"0":2,"1":2,"2":2,"3":2},"f":{},"b":{},"_coverageSchema":"1a1c01bbd47fc00a2c39e90264f33305004495a9","hash":"c3838f5ffbcbd3631a9f7b51834cf212ce5a6a3d"}
,"D:\\Software-Engineer\\my-blogs\\index.js": {"path":"D:\\Software-Engineer\\my-blogs\\index.js","statementMap":{"0":{"start":{"line":84,"column":17},"end":{"line":84,"column":36}},"1":{"start":{"line":85,"column":16},"end":{"line":85,"column":39}},"2":{"start":{"line":86,"column":16},"end":{"line":86,"column":39}},"3":{"start":{"line":87,"column":17},"end":{"line":87,"column":36}},"4":{"start":{"line":88,"column":16},"end":{"line":88,"column":34}},"5":{"start":{"line":89,"column":18},"end":{"line":89,"column":47}},"6":{"start":{"line":90,"column":21},"end":{"line":90,"column":45}},"7":{"start":{"line":91,"column":12},"end":{"line":91,"column":21}},"8":{"start":{"line":94,"column":23},"end":{"line":109,"column":1}},"9":{"start":{"line":111,"column":20},"end":{"line":111,"column":48}},"10":{"start":{"line":114,"column":0},"end":{"line":114,"column":24}},"11":{"start":{"line":115,"column":0},"end":{"line":115,"column":31}},"12":{"start":{"line":118,"column":0},"end":{"line":118,"column":25}},"13":{"start":{"line":119,"column":0},"end":{"line":119,"column":25}},"14":{"start":{"line":122,"column":0},"end":{"line":122,"column":68}},"15":{"start":{"line":125,"column":0},"end":{"line":134,"column":1}},"16":{"start":{"line":126,"column":4},"end":{"line":133,"column":73}},"17":{"start":{"line":128,"column":8},"end":{"line":131,"column":11}},"18":{"start":{"line":129,"column":12},"end":{"line":129,"column":60}},"19":{"start":{"line":130,"column":12},"end":{"line":130,"column":88}},"20":{"start":{"line":133,"column":18},"end":{"line":133,"column":71}},"21":{"start":{"line":136,"column":0},"end":{"line":136,"column":21}}},"fnMap":{"0":{"name":"(anonymous_0)","decl":{"start":{"line":127,"column":10},"end":{"line":127,"column":11}},"loc":{"start":{"line":127,"column":16},"end":{"line":132,"column":5}},"line":127},"1":{"name":"(anonymous_1)","decl":{"start":{"line":128,"column":25},"end":{"line":128,"column":26}},"loc":{"start":{"line":128,"column":31},"end":{"line":131,"column":9}},"line":128},"2":{"name":"(anonymous_2)","decl":{"start":{"line":133,"column":11},"end":{"line":133,"column":12}},"loc":{"start":{"line":133,"column":18},"end":{"line":133,"column":71}},"line":133}},"branchMap":{"0":{"loc":{"start":{"line":125,"column":0},"end":{"line":134,"column":1}},"type":"if","locations":[{"start":{"line":125,"column":0},"end":{"line":134,"column":1}},{"start":{},"end":{}}],"line":125}},"s":{"0":2,"1":2,"2":2,"3":2,"4":2,"5":2,"6":2,"7":2,"8":2,"9":2,"10":2,"11":2,"12":2,"13":2,"14":2,"15":2,"16":0,"17":0,"18":0,"19":0,"20":0,"21":2},"f":{"0":0,"1":0,"2":0},"b":{"0":[0,2]},"_coverageSchema":"1a1c01bbd47fc00a2c39e90264f33305004495a9","hash":"2fd79439df3c1419e92ab7d2231ba8b26f9e8af5"}
,"D:\\Software-Engineer\\my-blogs\\multer.js": {"path":"D:\\Software-Engineer\\my-blogs\\multer.js","statementMap":{"0":{"start":{"line":1,"column":15},"end":{"line":1,"column":32}},"1":{"start":{"line":2,"column":13},"end":{"line":2,"column":28}},"2":{"start":{"line":4,"column":16},"end":{"line":11,"column":2}},"3":{"start":{"line":6,"column":4},"end":{"line":6,"column":59}},"4":{"start":{"line":9,"column":4},"end":{"line":9,"column":69}},"5":{"start":{"line":13,"column":15},"end":{"line":15,"column":20}},"6":{"start":{"line":20,"column":0},"end":{"line":20,"column":24}}},"fnMap":{"0":{"name":"(anonymous_0)","decl":{"start":{"line":5,"column":15},"end":{"line":5,"column":16}},"loc":{"start":{"line":5,"column":34},"end":{"line":7,"column":3}},"line":5},"1":{"name":"(anonymous_1)","decl":{"start":{"line":8,"column":12},"end":{"line":8,"column":13}},"loc":{"start":{"line":8,"column":31},"end":{"line":10,"column":3}},"line":8}},"branchMap":{},"s":{"0":2,"1":2,"2":2,"3":0,"4":0,"5":2,"6":2},"f":{"0":0,"1":0},"b":{},"_coverageSchema":"1a1c01bbd47fc00a2c39e90264f33305004495a9","hash":"6b223dfead8eb6b7a0a53f427cdca55a35cc5272"}
,"D:\\Software-Engineer\\my-blogs\\userRoutes.js": {"path":"D:\\Software-Engineer\\my-blogs\\userRoutes.js","statementMap":{"0":{"start":{"line":2,"column":16},"end":{"line":2,"column":34}},"1":{"start":{"line":3,"column":15},"end":{"line":3,"column":31}},"2":{"start":{"line":4,"column":34},"end":{"line":4,"column":72}},"3":{"start":{"line":37,"column":0},"end":{"line":37,"column":34}},"4":{"start":{"line":69,"column":0},"end":{"line":69,"column":37}},"5":{"start":{"line":71,"column":0},"end":{"line":71,"column":24}}},"fnMap":{},"branchMap":{},"s":{"0":2,"1":2,"2":2,"3":2,"4":2,"5":2},"f":{},"b":{},"_coverageSchema":"1a1c01bbd47fc00a2c39e90264f33305004495a9","hash":"fe9bf1bacf8f11547564bdb865ffa70959226a38"}
,"D:\\Software-Engineer\\my-blogs\\Models\\Blogs.js": {"path":"D:\\Software-Engineer\\my-blogs\\Models\\Blogs.js","statementMap":{"0":{"start":{"line":1,"column":17},"end":{"line":1,"column":36}},"1":{"start":{"line":3,"column":19},"end":{"line":23,"column":2}},"2":{"start":{"line":25,"column":0},"end":{"line":25,"column":52}}},"fnMap":{},"branchMap":{},"s":{"0":2,"1":2,"2":2},"f":{},"b":{},"_coverageSchema":"1a1c01bbd47fc00a2c39e90264f33305004495a9","hash":"3ec02ea36d370f7db9df53226789e234b7cf5bce"}
,"D:\\Software-Engineer\\my-blogs\\Models\\Coments.js": {"path":"D:\\Software-Engineer\\my-blogs\\Models\\Coments.js","statementMap":{"0":{"start":{"line":1,"column":17},"end":{"line":1,"column":36}},"1":{"start":{"line":3,"column":26},"end":{"line":24,"column":2}},"2":{"start":{"line":26,"column":0},"end":{"line":26,"column":66}}},"fnMap":{},"branchMap":{},"s":{"0":2,"1":2,"2":2},"f":{},"b":{},"_coverageSchema":"1a1c01bbd47fc00a2c39e90264f33305004495a9","hash":"d9fba44f23f8aaf8ed8697b2186ca9a99caab0a9"}
,"D:\\Software-Engineer\\my-blogs\\Models\\User.js": {"path":"D:\\Software-Engineer\\my-blogs\\Models\\User.js","statementMap":{"0":{"start":{"line":1,"column":17},"end":{"line":1,"column":36}},"1":{"start":{"line":2,"column":15},"end":{"line":2,"column":34}},"2":{"start":{"line":3,"column":25},"end":{"line":3,"column":27}},"3":{"start":{"line":5,"column":19},"end":{"line":15,"column":2}},"4":{"start":{"line":17,"column":0},"end":{"line":30,"column":3}},"5":{"start":{"line":18,"column":2},"end":{"line":18,"column":50}},"6":{"start":{"line":18,"column":36},"end":{"line":18,"column":50}},"7":{"start":{"line":20,"column":2},"end":{"line":29,"column":5}},"8":{"start":{"line":21,"column":4},"end":{"line":21,"column":30}},"9":{"start":{"line":21,"column":13},"end":{"line":21,"column":30}},"10":{"start":{"line":23,"column":4},"end":{"line":28,"column":7}},"11":{"start":{"line":24,"column":6},"end":{"line":24,"column":32}},"12":{"start":{"line":24,"column":15},"end":{"line":24,"column":32}},"13":{"start":{"line":26,"column":6},"end":{"line":26,"column":27}},"14":{"start":{"line":27,"column":6},"end":{"line":27,"column":13}},"15":{"start":{"line":32,"column":0},"end":{"line":32,"column":52}}},"fnMap":{"0":{"name":"(anonymous_0)","decl":{"start":{"line":17,"column":23},"end":{"line":17,"column":24}},"loc":{"start":{"line":17,"column":39},"end":{"line":30,"column":1}},"line":17},"1":{"name":"(anonymous_1)","decl":{"start":{"line":20,"column":35},"end":{"line":20,"column":36}},"loc":{"start":{"line":20,"column":50},"end":{"line":29,"column":3}},"line":20},"2":{"name":"(anonymous_2)","decl":{"start":{"line":23,"column":37},"end":{"line":23,"column":38}},"loc":{"start":{"line":23,"column":52},"end":{"line":28,"column":5}},"line":23}},"branchMap":{"0":{"loc":{"start":{"line":18,"column":2},"end":{"line":18,"column":50}},"type":"if","locations":[{"start":{"line":18,"column":2},"end":{"line":18,"column":50}},{"start":{},"end":{}}],"line":18},"1":{"loc":{"start":{"line":21,"column":4},"end":{"line":21,"column":30}},"type":"if","locations":[{"start":{"line":21,"column":4},"end":{"line":21,"column":30}},{"start":{},"end":{}}],"line":21},"2":{"loc":{"start":{"line":24,"column":6},"end":{"line":24,"column":32}},"type":"if","locations":[{"start":{"line":24,"column":6},"end":{"line":24,"column":32}},{"start":{},"end":{}}],"line":24}},"s":{"0":2,"1":2,"2":2,"3":2,"4":2,"5":2,"6":0,"7":2,"8":2,"9":0,"10":2,"11":2,"12":0,"13":2,"14":2,"15":2},"f":{"0":2,"1":2,"2":2},"b":{"0":[0,2],"1":[0,2],"2":[0,2]},"_coverageSchema":"1a1c01bbd47fc00a2c39e90264f33305004495a9","hash":"39dbedffbcee9da57ef1986dbd1cfbfaf37c3b0f"}
,"D:\\Software-Engineer\\my-blogs\\controller\\BlogController.js": {"path":"D:\\Software-Engineer\\my-blogs\\controller\\BlogController.js","statementMap":{"0":{"start":{"line":1,"column":13},"end":{"line":1,"column":39}},"1":{"start":{"line":2,"column":17},"end":{"line":2,"column":45}},"2":{"start":{"line":3,"column":19},"end":{"line":3,"column":43}},"3":{"start":{"line":4,"column":11},"end":{"line":4,"column":33}},"4":{"start":{"line":5,"column":12},"end":{"line":5,"column":35}},"5":{"start":{"line":6,"column":12},"end":{"line":6,"column":26}},"6":{"start":{"line":7,"column":15},"end":{"line":11,"column":2}},"7":{"start":{"line":16,"column":0},"end":{"line":29,"column":2}},"8":{"start":{"line":17,"column":4},"end":{"line":28,"column":5}},"9":{"start":{"line":18,"column":26},"end":{"line":18,"column":51}},"10":{"start":{"line":19,"column":8},"end":{"line":19,"column":84}},"11":{"start":{"line":19,"column":19},"end":{"line":19,"column":84}},"12":{"start":{"line":21,"column":43},"end":{"line":21,"column":51}},"13":{"start":{"line":22,"column":21},"end":{"line":22,"column":57}},"14":{"start":{"line":23,"column":8},"end":{"line":23,"column":26}},"15":{"start":{"line":24,"column":8},"end":{"line":24,"column":35}},"16":{"start":{"line":26,"column":8},"end":{"line":26,"column":29}},"17":{"start":{"line":27,"column":8},"end":{"line":27,"column":63}},"18":{"start":{"line":32,"column":0},"end":{"line":63,"column":4}},"19":{"start":{"line":33,"column":4},"end":{"line":35,"column":5}},"20":{"start":{"line":34,"column":6},"end":{"line":34,"column":69}},"21":{"start":{"line":37,"column":4},"end":{"line":62,"column":5}},"22":{"start":{"line":38,"column":21},"end":{"line":40,"column":8}},"23":{"start":{"line":42,"column":19},"end":{"line":42,"column":53}},"24":{"start":{"line":44,"column":6},"end":{"line":46,"column":7}},"25":{"start":{"line":45,"column":8},"end":{"line":45,"column":67}},"26":{"start":{"line":48,"column":6},"end":{"line":48,"column":37}},"27":{"start":{"line":49,"column":6},"end":{"line":49,"column":40}},"28":{"start":{"line":50,"column":6},"end":{"line":50,"column":24}},"29":{"start":{"line":52,"column":6},"end":{"line":52,"column":37}},"30":{"start":{"line":54,"column":6},"end":{"line":58,"column":9}},"31":{"start":{"line":60,"column":6},"end":{"line":60,"column":27}},"32":{"start":{"line":61,"column":6},"end":{"line":61,"column":63}},"33":{"start":{"line":65,"column":0},"end":{"line":72,"column":2}},"34":{"start":{"line":66,"column":4},"end":{"line":71,"column":5}},"35":{"start":{"line":67,"column":22},"end":{"line":67,"column":39}},"36":{"start":{"line":68,"column":8},"end":{"line":68,"column":24}},"37":{"start":{"line":70,"column":8},"end":{"line":70,"column":64}},"38":{"start":{"line":74,"column":0},"end":{"line":82,"column":2}},"39":{"start":{"line":75,"column":4},"end":{"line":81,"column":5}},"40":{"start":{"line":76,"column":21},"end":{"line":76,"column":55}},"41":{"start":{"line":77,"column":8},"end":{"line":77,"column":76}},"42":{"start":{"line":77,"column":19},"end":{"line":77,"column":76}},"43":{"start":{"line":78,"column":8},"end":{"line":78,"column":23}},"44":{"start":{"line":80,"column":8},"end":{"line":80,"column":63}},"45":{"start":{"line":84,"column":0},"end":{"line":97,"column":2}},"46":{"start":{"line":85,"column":4},"end":{"line":96,"column":5}},"47":{"start":{"line":86,"column":21},"end":{"line":86,"column":55}},"48":{"start":{"line":87,"column":8},"end":{"line":87,"column":76}},"49":{"start":{"line":87,"column":19},"end":{"line":87,"column":76}},"50":{"start":{"line":89,"column":8},"end":{"line":89,"column":56}},"51":{"start":{"line":89,"column":28},"end":{"line":89,"column":56}},"52":{"start":{"line":90,"column":8},"end":{"line":90,"column":62}},"53":{"start":{"line":90,"column":30},"end":{"line":90,"column":62}},"54":{"start":{"line":92,"column":8},"end":{"line":92,"column":26}},"55":{"start":{"line":93,"column":8},"end":{"line":93,"column":23}},"56":{"start":{"line":95,"column":8},"end":{"line":95,"column":63}},"57":{"start":{"line":99,"column":0},"end":{"line":107,"column":2}},"58":{"start":{"line":100,"column":4},"end":{"line":106,"column":5}},"59":{"start":{"line":101,"column":23},"end":{"line":101,"column":66}},"60":{"start":{"line":102,"column":8},"end":{"line":102,"column":78}},"61":{"start":{"line":102,"column":21},"end":{"line":102,"column":78}},"62":{"start":{"line":103,"column":8},"end":{"line":103,"column":31}},"63":{"start":{"line":105,"column":8},"end":{"line":105,"column":63}},"64":{"start":{"line":109,"column":0},"end":{"line":129,"column":2}},"65":{"start":{"line":110,"column":4},"end":{"line":128,"column":5}},"66":{"start":{"line":111,"column":22},"end":{"line":111,"column":65}},"67":{"start":{"line":112,"column":8},"end":{"line":112,"column":80}},"68":{"start":{"line":112,"column":20},"end":{"line":112,"column":80}},"69":{"start":{"line":114,"column":24},"end":{"line":114,"column":59}},"70":{"start":{"line":115,"column":23},"end":{"line":115,"column":33}},"71":{"start":{"line":117,"column":24},"end":{"line":122,"column":10}},"72":{"start":{"line":124,"column":8},"end":{"line":124,"column":29}},"73":{"start":{"line":125,"column":8},"end":{"line":125,"column":38}},"74":{"start":{"line":127,"column":8},"end":{"line":127,"column":64}},"75":{"start":{"line":131,"column":0},"end":{"line":161,"column":2}},"76":{"start":{"line":132,"column":4},"end":{"line":160,"column":5}},"77":{"start":{"line":133,"column":22},"end":{"line":133,"column":65}},"78":{"start":{"line":134,"column":8},"end":{"line":134,"column":80}},"79":{"start":{"line":134,"column":20},"end":{"line":134,"column":80}},"80":{"start":{"line":136,"column":24},"end":{"line":136,"column":59}},"81":{"start":{"line":137,"column":23},"end":{"line":137,"column":33}},"82":{"start":{"line":139,"column":31},"end":{"line":139,"column":41}},"83":{"start":{"line":140,"column":25},"end":{"line":140,"column":33}},"84":{"start":{"line":143,"column":8},"end":{"line":145,"column":9}},"85":{"start":{"line":144,"column":12},"end":{"line":144,"column":73}},"86":{"start":{"line":148,"column":24},"end":{"line":152,"column":9}},"87":{"start":{"line":154,"column":8},"end":{"line":154,"column":100}},"88":{"start":{"line":154,"column":22},"end":{"line":154,"column":100}},"89":{"start":{"line":156,"column":8},"end":{"line":156,"column":26}},"90":{"start":{"line":158,"column":8},"end":{"line":158,"column":29}},"91":{"start":{"line":159,"column":8},"end":{"line":159,"column":63}},"92":{"start":{"line":167,"column":0},"end":{"line":175,"column":2}},"93":{"start":{"line":168,"column":4},"end":{"line":174,"column":5}},"94":{"start":{"line":169,"column":25},"end":{"line":169,"column":106}},"95":{"start":{"line":170,"column":8},"end":{"line":170,"column":122}},"96":{"start":{"line":170,"column":48},"end":{"line":170,"column":122}},"97":{"start":{"line":171,"column":8},"end":{"line":171,"column":27}},"98":{"start":{"line":173,"column":8},"end":{"line":173,"column":69}}},"fnMap":{"0":{"name":"(anonymous_0)","decl":{"start":{"line":16,"column":21},"end":{"line":16,"column":22}},"loc":{"start":{"line":16,"column":41},"end":{"line":29,"column":1}},"line":16},"1":{"name":"(anonymous_1)","decl":{"start":{"line":32,"column":28},"end":{"line":32,"column":29}},"loc":{"start":{"line":32,"column":48},"end":{"line":63,"column":3}},"line":32},"2":{"name":"(anonymous_2)","decl":{"start":{"line":65,"column":19},"end":{"line":65,"column":20}},"loc":{"start":{"line":65,"column":39},"end":{"line":72,"column":1}},"line":65},"3":{"name":"(anonymous_3)","decl":{"start":{"line":74,"column":22},"end":{"line":74,"column":23}},"loc":{"start":{"line":74,"column":42},"end":{"line":82,"column":1}},"line":74},"4":{"name":"(anonymous_4)","decl":{"start":{"line":84,"column":21},"end":{"line":84,"column":22}},"loc":{"start":{"line":84,"column":41},"end":{"line":97,"column":1}},"line":84},"5":{"name":"(anonymous_5)","decl":{"start":{"line":99,"column":21},"end":{"line":99,"column":22}},"loc":{"start":{"line":99,"column":41},"end":{"line":107,"column":1}},"line":99},"6":{"name":"(anonymous_6)","decl":{"start":{"line":109,"column":24},"end":{"line":109,"column":25}},"loc":{"start":{"line":109,"column":44},"end":{"line":129,"column":1}},"line":109},"7":{"name":"(anonymous_7)","decl":{"start":{"line":131,"column":21},"end":{"line":131,"column":22}},"loc":{"start":{"line":131,"column":41},"end":{"line":161,"column":1}},"line":131},"8":{"name":"(anonymous_8)","decl":{"start":{"line":167,"column":30},"end":{"line":167,"column":31}},"loc":{"start":{"line":167,"column":50},"end":{"line":175,"column":1}},"line":167}},"branchMap":{"0":{"loc":{"start":{"line":19,"column":8},"end":{"line":19,"column":84}},"type":"if","locations":[{"start":{"line":19,"column":8},"end":{"line":19,"column":84}},{"start":{},"end":{}}],"line":19},"1":{"loc":{"start":{"line":33,"column":4},"end":{"line":35,"column":5}},"type":"if","locations":[{"start":{"line":33,"column":4},"end":{"line":35,"column":5}},{"start":{},"end":{}}],"line":33},"2":{"loc":{"start":{"line":44,"column":6},"end":{"line":46,"column":7}},"type":"if","locations":[{"start":{"line":44,"column":6},"end":{"line":46,"column":7}},{"start":{},"end":{}}],"line":44},"3":{"loc":{"start":{"line":77,"column":8},"end":{"line":77,"column":76}},"type":"if","locations":[{"start":{"line":77,"column":8},"end":{"line":77,"column":76}},{"start":{},"end":{}}],"line":77},"4":{"loc":{"start":{"line":87,"column":8},"end":{"line":87,"column":76}},"type":"if","locations":[{"start":{"line":87,"column":8},"end":{"line":87,"column":76}},{"start":{},"end":{}}],"line":87},"5":{"loc":{"start":{"line":89,"column":8},"end":{"line":89,"column":56}},"type":"if","locations":[{"start":{"line":89,"column":8},"end":{"line":89,"column":56}},{"start":{},"end":{}}],"line":89},"6":{"loc":{"start":{"line":90,"column":8},"end":{"line":90,"column":62}},"type":"if","locations":[{"start":{"line":90,"column":8},"end":{"line":90,"column":62}},{"start":{},"end":{}}],"line":90},"7":{"loc":{"start":{"line":102,"column":8},"end":{"line":102,"column":78}},"type":"if","locations":[{"start":{"line":102,"column":8},"end":{"line":102,"column":78}},{"start":{},"end":{}}],"line":102},"8":{"loc":{"start":{"line":112,"column":8},"end":{"line":112,"column":80}},"type":"if","locations":[{"start":{"line":112,"column":8},"end":{"line":112,"column":80}},{"start":{},"end":{}}],"line":112},"9":{"loc":{"start":{"line":118,"column":18},"end":{"line":118,"column":36}},"type":"binary-expr","locations":[{"start":{"line":118,"column":18},"end":{"line":118,"column":31}},{"start":{"line":118,"column":35},"end":{"line":118,"column":36}}],"line":118},"10":{"loc":{"start":{"line":134,"column":8},"end":{"line":134,"column":80}},"type":"if","locations":[{"start":{"line":134,"column":8},"end":{"line":134,"column":80}},{"start":{},"end":{}}],"line":134},"11":{"loc":{"start":{"line":143,"column":8},"end":{"line":145,"column":9}},"type":"if","locations":[{"start":{"line":143,"column":8},"end":{"line":145,"column":9}},{"start":{},"end":{}}],"line":143},"12":{"loc":{"start":{"line":143,"column":12},"end":{"line":143,"column":48}},"type":"binary-expr","locations":[{"start":{"line":143,"column":12},"end":{"line":143,"column":36}},{"start":{"line":143,"column":40},"end":{"line":143,"column":48}}],"line":143},"13":{"loc":{"start":{"line":154,"column":8},"end":{"line":154,"column":100}},"type":"if","locations":[{"start":{"line":154,"column":8},"end":{"line":154,"column":100}},{"start":{},"end":{}}],"line":154},"14":{"loc":{"start":{"line":170,"column":8},"end":{"line":170,"column":122}},"type":"if","locations":[{"start":{"line":170,"column":8},"end":{"line":170,"column":122}},{"start":{},"end":{}}],"line":170},"15":{"loc":{"start":{"line":170,"column":12},"end":{"line":170,"column":46}},"type":"binary-expr","locations":[{"start":{"line":170,"column":12},"end":{"line":170,"column":21}},{"start":{"line":170,"column":25},"end":{"line":170,"column":46}}],"line":170}},"s":{"0":2,"1":2,"2":2,"3":2,"4":2,"5":2,"6":2,"7":2,"8":1,"9":1,"10":1,"11":0,"12":1,"13":1,"14":1,"15":1,"16":0,"17":0,"18":2,"19":0,"20":0,"21":0,"22":0,"23":0,"24":0,"25":0,"26":0,"27":0,"28":0,"29":0,"30":0,"31":0,"32":0,"33":2,"34":1,"35":1,"36":1,"37":0,"38":2,"39":0,"40":0,"41":0,"42":0,"43":0,"44":0,"45":2,"46":1,"47":1,"48":1,"49":0,"50":1,"51":1,"52":1,"53":1,"54":1,"55":1,"56":0,"57":2,"58":1,"59":1,"60":1,"61":0,"62":1,"63":0,"64":2,"65":1,"66":1,"67":1,"68":0,"69":1,"70":1,"71":1,"72":1,"73":1,"74":0,"75":2,"76":1,"77":1,"78":1,"79":0,"80":1,"81":1,"82":1,"83":1,"84":1,"85":0,"86":1,"87":1,"88":0,"89":1,"90":0,"91":0,"92":2,"93":0,"94":0,"95":0,"96":0,"97":0,"98":0},"f":{"0":1,"1":0,"2":1,"3":0,"4":1,"5":1,"6":1,"7":1,"8":0},"b":{"0":[0,1],"1":[0,0],"2":[0,0],"3":[0,0],"4":[0,1],"5":[1,0],"6":[1,0],"7":[0,1],"8":[0,1],"9":[1,0],"10":[0,1],"11":[0,1],"12":[1,1],"13":[0,1],"14":[0,0],"15":[0,0]},"_coverageSchema":"1a1c01bbd47fc00a2c39e90264f33305004495a9","hash":"1046a9c9b2171a5dc2f742ba7e498992db69d07a"}
,"D:\\Software-Engineer\\my-blogs\\controller\\userController.js": {"path":"D:\\Software-Engineer\\my-blogs\\controller\\userController.js","statementMap":{"0":{"start":{"line":1,"column":13},"end":{"line":1,"column":38}},"1":{"start":{"line":2,"column":15},"end":{"line":2,"column":34}},"2":{"start":{"line":3,"column":12},"end":{"line":3,"column":35}},"3":{"start":{"line":4,"column":18},"end":{"line":4,"column":34}},"4":{"start":{"line":7,"column":12},"end":{"line":7,"column":26}},"5":{"start":{"line":8,"column":15},"end":{"line":11,"column":2}},"6":{"start":{"line":13,"column":0},"end":{"line":28,"column":2}},"7":{"start":{"line":14,"column":4},"end":{"line":27,"column":5}},"8":{"start":{"line":15,"column":26},"end":{"line":15,"column":51}},"9":{"start":{"line":16,"column":8},"end":{"line":16,"column":84}},"10":{"start":{"line":16,"column":19},"end":{"line":16,"column":84}},"11":{"start":{"line":18,"column":21},"end":{"line":21,"column":10}},"12":{"start":{"line":23,"column":8},"end":{"line":23,"column":26}},"13":{"start":{"line":24,"column":8},"end":{"line":24,"column":35}},"14":{"start":{"line":26,"column":8},"end":{"line":26,"column":63}},"15":{"start":{"line":30,"column":0},"end":{"line":58,"column":2}},"16":{"start":{"line":31,"column":4},"end":{"line":57,"column":5}},"17":{"start":{"line":32,"column":36},"end":{"line":32,"column":44}},"18":{"start":{"line":34,"column":8},"end":{"line":36,"column":9}},"19":{"start":{"line":35,"column":12},"end":{"line":35,"column":86}},"20":{"start":{"line":38,"column":21},"end":{"line":38,"column":50}},"21":{"start":{"line":40,"column":8},"end":{"line":42,"column":9}},"22":{"start":{"line":41,"column":12},"end":{"line":41,"column":69}},"23":{"start":{"line":44,"column":24},"end":{"line":44,"column":69}},"24":{"start":{"line":46,"column":8},"end":{"line":48,"column":9}},"25":{"start":{"line":47,"column":12},"end":{"line":47,"column":74}},"26":{"start":{"line":50,"column":24},"end":{"line":50,"column":65}},"27":{"start":{"line":51,"column":22},"end":{"line":51,"column":72}},"28":{"start":{"line":53,"column":8},"end":{"line":53,"column":47}},"29":{"start":{"line":55,"column":8},"end":{"line":55,"column":50}},"30":{"start":{"line":56,"column":8},"end":{"line":56,"column":60}}},"fnMap":{"0":{"name":"(anonymous_0)","decl":{"start":{"line":13,"column":21},"end":{"line":13,"column":22}},"loc":{"start":{"line":13,"column":41},"end":{"line":28,"column":1}},"line":13},"1":{"name":"(anonymous_1)","decl":{"start":{"line":30,"column":20},"end":{"line":30,"column":21}},"loc":{"start":{"line":30,"column":40},"end":{"line":58,"column":1}},"line":30}},"branchMap":{"0":{"loc":{"start":{"line":16,"column":8},"end":{"line":16,"column":84}},"type":"if","locations":[{"start":{"line":16,"column":8},"end":{"line":16,"column":84}},{"start":{},"end":{}}],"line":16},"1":{"loc":{"start":{"line":34,"column":8},"end":{"line":36,"column":9}},"type":"if","locations":[{"start":{"line":34,"column":8},"end":{"line":36,"column":9}},{"start":{},"end":{}}],"line":34},"2":{"loc":{"start":{"line":34,"column":12},"end":{"line":34,"column":31}},"type":"binary-expr","locations":[{"start":{"line":34,"column":12},"end":{"line":34,"column":18}},{"start":{"line":34,"column":22},"end":{"line":34,"column":31}}],"line":34},"3":{"loc":{"start":{"line":40,"column":8},"end":{"line":42,"column":9}},"type":"if","locations":[{"start":{"line":40,"column":8},"end":{"line":42,"column":9}},{"start":{},"end":{}}],"line":40},"4":{"loc":{"start":{"line":46,"column":8},"end":{"line":48,"column":9}},"type":"if","locations":[{"start":{"line":46,"column":8},"end":{"line":48,"column":9}},{"start":{},"end":{}}],"line":46}},"s":{"0":2,"1":2,"2":2,"3":2,"4":2,"5":2,"6":2,"7":2,"8":2,"9":2,"10":0,"11":2,"12":2,"13":1,"14":1,"15":2,"16":1,"17":1,"18":1,"19":0,"20":1,"21":1,"22":0,"23":1,"24":1,"25":0,"26":1,"27":1,"28":1,"29":0,"30":0},"f":{"0":2,"1":1},"b":{"0":[0,2],"1":[0,1],"2":[1,1],"3":[0,1],"4":[0,1]},"_coverageSchema":"1a1c01bbd47fc00a2c39e90264f33305004495a9","hash":"607b4ae768f55763ca262a43c7cdd60b70072e44"}
,"D:\\Software-Engineer\\my-blogs\\middleware\\validateAuth.js": {"path":"D:\\Software-Engineer\\my-blogs\\middleware\\validateAuth.js","statementMap":{"0":{"start":{"line":1,"column":12},"end":{"line":1,"column":35}},"1":{"start":{"line":3,"column":0},"end":{"line":14,"column":2}},"2":{"start":{"line":4,"column":18},"end":{"line":4,"column":61}},"3":{"start":{"line":5,"column":4},"end":{"line":5,"column":76}},"4":{"start":{"line":5,"column":16},"end":{"line":5,"column":76}},"5":{"start":{"line":7,"column":4},"end":{"line":13,"column":5}},"6":{"start":{"line":8,"column":24},"end":{"line":8,"column":59}},"7":{"start":{"line":9,"column":8},"end":{"line":9,"column":32}},"8":{"start":{"line":10,"column":8},"end":{"line":10,"column":15}},"9":{"start":{"line":12,"column":8},"end":{"line":12,"column":57}}},"fnMap":{"0":{"name":"(anonymous_0)","decl":{"start":{"line":3,"column":17},"end":{"line":3,"column":18}},"loc":{"start":{"line":3,"column":37},"end":{"line":14,"column":1}},"line":3}},"branchMap":{"0":{"loc":{"start":{"line":5,"column":4},"end":{"line":5,"column":76}},"type":"if","locations":[{"start":{"line":5,"column":4},"end":{"line":5,"column":76}},{"start":{},"end":{}}],"line":5}},"s":{"0":2,"1":2,"2":6,"3":6,"4":1,"5":5,"6":5,"7":5,"8":5,"9":0},"f":{"0":6},"b":{"0":[1,5]},"_coverageSchema":"1a1c01bbd47fc00a2c39e90264f33305004495a9","hash":"5b9ae6e598f629a681680790b4548a9777b9fa45"}
,"D:\\Software-Engineer\\my-blogs\\middleware\\validateInput.js": {"path":"D:\\Software-Engineer\\my-blogs\\middleware\\validateInput.js","statementMap":{"0":{"start":{"line":1,"column":12},"end":{"line":1,"column":26}},"1":{"start":{"line":3,"column":19},"end":{"line":7,"column":2}},"2":{"start":{"line":9,"column":0},"end":{"line":13,"column":2}},"3":{"start":{"line":10,"column":22},"end":{"line":10,"column":51}},"4":{"start":{"line":11,"column":4},"end":{"line":11,"column":80}},"5":{"start":{"line":11,"column":15},"end":{"line":11,"column":80}},"6":{"start":{"line":12,"column":4},"end":{"line":12,"column":11}}},"fnMap":{"0":{"name":"(anonymous_0)","decl":{"start":{"line":9,"column":17},"end":{"line":9,"column":18}},"loc":{"start":{"line":9,"column":37},"end":{"line":13,"column":1}},"line":9}},"branchMap":{"0":{"loc":{"start":{"line":11,"column":4},"end":{"line":11,"column":80}},"type":"if","locations":[{"start":{"line":11,"column":4},"end":{"line":11,"column":80}},{"start":{},"end":{}}],"line":11}},"s":{"0":2,"1":2,"2":2,"3":3,"4":3,"5":1,"6":2},"f":{"0":3},"b":{"0":[1,2]},"_coverageSchema":"1a1c01bbd47fc00a2c39e90264f33305004495a9","hash":"ce9f52ec4ca1c964fc08ea4faa20a3913a63fed2"}
}
