TN:
SF:blogRoutes.js
FNF:0
FNH:0
DA:34,2
DA:35,2
DA:36,2
DA:47,2
DA:48,2
DA:49,2
DA:84,2
DA:115,2
DA:127,2
DA:148,2
DA:188,2
DA:213,2
DA:251,2
DA:272,2
DA:304,2
DA:306,2
LF:16
LH:16
BRF:0
BRH:0
end_of_record
TN:
SF:cloudinary.js
FNF:0
FNH:0
DA:1,2
DA:2,2
DA:4,2
DA:10,2
LF:4
LH:4
BRF:0
BRH:0
end_of_record
TN:
SF:index.js
FN:127,(anonymous_0)
FN:128,(anonymous_1)
FN:133,(anonymous_2)
FNF:3
FNH:0
FNDA:0,(anonymous_0)
FNDA:0,(anonymous_1)
FNDA:0,(anonymous_2)
DA:84,2
DA:85,2
DA:86,2
DA:87,2
DA:88,2
DA:89,2
DA:90,2
DA:91,2
DA:94,2
DA:111,2
DA:114,2
DA:115,2
DA:118,2
DA:119,2
DA:122,2
DA:125,2
DA:126,0
DA:128,0
DA:129,0
DA:130,0
DA:133,0
DA:136,2
LF:22
LH:17
BRDA:125,0,0,0
BRDA:125,0,1,2
BRF:2
BRH:1
end_of_record
TN:
SF:multer.js
FN:5,(anonymous_0)
FN:8,(anonymous_1)
FNF:2
FNH:0
FNDA:0,(anonymous_0)
FNDA:0,(anonymous_1)
DA:1,2
DA:2,2
DA:4,2
DA:6,0
DA:9,0
DA:13,2
DA:20,2
LF:7
LH:5
BRF:0
BRH:0
end_of_record
TN:
SF:userRoutes.js
FNF:0
FNH:0
DA:10,2
DA:11,2
DA:12,2
DA:45,2
DA:77,2
DA:79,2
LF:6
LH:6
BRF:0
BRH:0
end_of_record
TN:
SF:Models\Blogs.js
FNF:0
FNH:0
DA:1,2
DA:3,2
DA:25,2
LF:3
LH:3
BRF:0
BRH:0
end_of_record
TN:
SF:Models\Coments.js
FNF:0
FNH:0
DA:1,2
DA:3,2
DA:26,2
LF:3
LH:3
BRF:0
BRH:0
end_of_record
TN:
SF:Models\User.js
FN:17,(anonymous_0)
FN:20,(anonymous_1)
FN:23,(anonymous_2)
FNF:3
FNH:3
FNDA:2,(anonymous_0)
FNDA:2,(anonymous_1)
FNDA:2,(anonymous_2)
DA:1,2
DA:2,2
DA:3,2
DA:5,2
DA:17,2
DA:18,2
DA:20,2
DA:21,2
DA:23,2
DA:24,2
DA:26,2
DA:27,2
DA:32,2
LF:13
LH:13
BRDA:18,0,0,0
BRDA:18,0,1,2
BRDA:21,1,0,0
BRDA:21,1,1,2
BRDA:24,2,0,0
BRDA:24,2,1,2
BRF:6
BRH:3
end_of_record
TN:
SF:controller\BlogController.js
FN:16,(anonymous_0)
FN:32,(anonymous_1)
FN:65,(anonymous_2)
FN:74,(anonymous_3)
FN:84,(anonymous_4)
FN:99,(anonymous_5)
FN:109,(anonymous_6)
FN:131,(anonymous_7)
FN:167,(anonymous_8)
FNF:9
FNH:6
FNDA:1,(anonymous_0)
FNDA:0,(anonymous_1)
FNDA:1,(anonymous_2)
FNDA:0,(anonymous_3)
FNDA:1,(anonymous_4)
FNDA:1,(anonymous_5)
FNDA:1,(anonymous_6)
FNDA:1,(anonymous_7)
FNDA:0,(anonymous_8)
DA:1,2
DA:2,2
DA:3,2
DA:4,2
DA:5,2
DA:6,2
DA:7,2
DA:16,2
DA:17,1
DA:18,1
DA:19,1
DA:21,1
DA:22,1
DA:23,1
DA:24,1
DA:26,0
DA:27,0
DA:32,2
DA:33,0
DA:34,0
DA:37,0
DA:38,0
DA:42,0
DA:44,0
DA:45,0
DA:48,0
DA:49,0
DA:50,0
DA:52,0
DA:54,0
DA:60,0
DA:61,0
DA:65,2
DA:66,1
DA:67,1
DA:68,1
DA:70,0
DA:74,2
DA:75,0
DA:76,0
DA:77,0
DA:78,0
DA:80,0
DA:84,2
DA:85,1
DA:86,1
DA:87,1
DA:89,1
DA:90,1
DA:92,1
DA:93,1
DA:95,0
DA:99,2
DA:100,1
DA:101,1
DA:102,1
DA:103,1
DA:105,0
DA:109,2
DA:110,1
DA:111,1
DA:112,1
DA:114,1
DA:115,1
DA:117,1
DA:124,1
DA:125,1
DA:127,0
DA:131,2
DA:132,1
DA:133,1
DA:134,1
DA:136,1
DA:137,1
DA:139,1
DA:140,1
DA:143,1
DA:144,0
DA:148,1
DA:154,1
DA:156,1
DA:158,0
DA:159,0
DA:167,2
DA:168,0
DA:169,0
DA:170,0
DA:171,0
DA:173,0
LF:89
LH:56
BRDA:19,0,0,0
BRDA:19,0,1,1
BRDA:33,1,0,0
BRDA:33,1,1,0
BRDA:44,2,0,0
BRDA:44,2,1,0
BRDA:77,3,0,0
BRDA:77,3,1,0
BRDA:87,4,0,0
BRDA:87,4,1,1
BRDA:89,5,0,1
BRDA:89,5,1,0
BRDA:90,6,0,1
BRDA:90,6,1,0
BRDA:102,7,0,0
BRDA:102,7,1,1
BRDA:112,8,0,0
BRDA:112,8,1,1
BRDA:118,9,0,1
BRDA:118,9,1,0
BRDA:134,10,0,0
BRDA:134,10,1,1
BRDA:143,11,0,0
BRDA:143,11,1,1
BRDA:143,12,0,1
BRDA:143,12,1,1
BRDA:154,13,0,0
BRDA:154,13,1,1
BRDA:170,14,0,0
BRDA:170,14,1,0
BRDA:170,15,0,0
BRDA:170,15,1,0
BRF:32
BRH:12
end_of_record
TN:
SF:controller\userController.js
FN:13,(anonymous_0)
FN:30,(anonymous_1)
FNF:2
FNH:2
FNDA:2,(anonymous_0)
FNDA:1,(anonymous_1)
DA:1,2
DA:2,2
DA:3,2
DA:4,2
DA:7,2
DA:8,2
DA:13,2
DA:14,2
DA:15,2
DA:16,2
DA:18,2
DA:23,2
DA:24,1
DA:26,1
DA:30,2
DA:31,1
DA:32,1
DA:34,1
DA:35,0
DA:38,1
DA:40,1
DA:41,0
DA:44,1
DA:46,1
DA:47,0
DA:50,1
DA:51,1
DA:53,1
DA:55,0
DA:56,0
LF:30
LH:25
BRDA:16,0,0,0
BRDA:16,0,1,2
BRDA:34,1,0,0
BRDA:34,1,1,1
BRDA:34,2,0,1
BRDA:34,2,1,1
BRDA:40,3,0,0
BRDA:40,3,1,1
BRDA:46,4,0,0
BRDA:46,4,1,1
BRF:10
BRH:6
end_of_record
TN:
SF:middleware\validateAuth.js
FN:3,(anonymous_0)
FNF:1
FNH:1
FNDA:6,(anonymous_0)
DA:1,2
DA:3,2
DA:4,6
DA:5,6
DA:7,5
DA:8,5
DA:9,5
DA:10,5
DA:12,0
LF:9
LH:8
BRDA:5,0,0,1
BRDA:5,0,1,5
BRF:2
BRH:2
end_of_record
TN:
SF:middleware\validateInput.js
FN:9,(anonymous_0)
FNF:1
FNH:1
FNDA:3,(anonymous_0)
DA:1,2
DA:3,2
DA:9,2
DA:10,3
DA:11,3
DA:12,2
LF:6
LH:6
BRDA:11,0,0,1
BRDA:11,0,1,2
BRF:2
BRH:2
end_of_record
